#
# There is insufficient memory for the Java Runtime Environment to continue.
# Native memory allocation (malloc) failed to allocate 394336 bytes for Chunk::new
# Possible reasons:
#   The system is out of physical RAM or swap space
#   The process is running with CompressedOops enabled, and the Java Heap may be blocking the growth of the native heap
# Possible solutions:
#   Reduce memory load on the system
#   Increase physical memory or swap space
#   Check if swap backing store is full
#   Decrease Java heap size (-Xmx/-Xms)
#   Decrease number of Java threads
#   Decrease Java thread stack sizes (-Xss)
#   Set larger code cache with -XX:ReservedCodeCacheSize=
#   JVM is running with Unscaled Compressed Oops mode in which the Java heap is
#     placed in the first 4GB address space. The Java Heap base address is the
#     maximum limit for the native heap growth. Please use -XX:HeapBaseMinAddress
#     to set the Java Heap base and to place the Java Heap above 4GB virtual address.
# This output file may be truncated or incomplete.
#
#  Out of Memory Error (arena.cpp:189), pid=9356, tid=18576
#
# JRE version: Java(TM) SE Runtime Environment (17.0.12+8) (build 17.0.12+8-LTS-286)
# Java VM: Java HotSpot(TM) 64-Bit Server VM (17.0.12+8-LTS-286, mixed mode, sharing, tiered, compressed oops, compressed class ptrs, g1 gc, windows-amd64)
# No core dump will be written. Minidumps are not enabled by default on client versions of Windows
#

---------------  S U M M A R Y ------------

Command Line: -ea -XX:+ShowCodeDetailsInExceptionMessages -Dfile.encoding=UTF-8 org.eclipse.jdt.internal.junit.runner.RemoteTestRunner -version 3 -port 62947 -testLoaderClass org.eclipse.jdt.internal.junit5.runner.JUnit5TestLoader -loaderpluginname org.eclipse.jdt.junit5.runtime -test com.project.hospital_management.PatientTests:testPatientService

Host: Intel(R) Core(TM) i5-1035G1 CPU @ 1.00GHz, 8 cores, 7G,  Windows 11 , 64 bit Build 22621 (10.0.22621.3958)
Time: Sun Dec 21 20:56:51 2025 India Standard Time elapsed time: 3.773417 seconds (0d 0h 0m 3s)

---------------  T H R E A D  ---------------

Current thread (0x000002993eff11d0):  JavaThread "C2 CompilerThread0" daemon [_thread_in_native, id=18576, stack(0x000000d920400000,0x000000d920500000)]


Current CompileTask:
C2:   3773 1965       4       jdk.internal.org.objectweb.asm.SymbolTable::addConstantMemberReference (147 bytes)

Stack: [0x000000d920400000,0x000000d920500000]
Native frames: (J=compiled Java code, j=interpreted, Vv=VM code, C=native code)
V  [jvm.dll+0x67a04a]
V  [jvm.dll+0x7da4ed]
V  [jvm.dll+0x7dbe33]
V  [jvm.dll+0x7dc4a3]
V  [jvm.dll+0x24508f]
V  [jvm.dll+0xab773]
V  [jvm.dll+0xabd3c]
V  [jvm.dll+0x2aa52f]
V  [jvm.dll+0x581eb9]
V  [jvm.dll+0x21f422]
V  [jvm.dll+0x21837b]
V  [jvm.dll+0x215b65]
V  [jvm.dll+0x1a2960]
V  [jvm.dll+0x22610b]
V  [jvm.dll+0x2242ab]
V  [jvm.dll+0x79075c]
V  [jvm.dll+0x78abea]
V  [jvm.dll+0x678f35]
C  [ucrtbase.dll+0x29333]
C  [KERNEL32.DLL+0x1257d]
C  [ntdll.dll+0x5af08]


---------------  P R O C E S S  ---------------

Threads class SMR info:
_java_thread_list=0x00000299857c0d70, length=15, elements={
0x00000299210a50a0, 0x000002993efdb2c0, 0x000002993efdbc80, 0x000002993efeb2c0,
0x000002993efebc80, 0x000002993efef660, 0x000002993eff0020, 0x000002993eff11d0,
0x000002993eff1c80, 0x000002993f004670, 0x000002993f231980, 0x000002993f2440d0,
0x000002993f2db6c0, 0x000002993f8dd4e0, 0x0000029985572770
}

Java Threads: ( => current thread )
  0x00000299210a50a0 JavaThread "main" [_thread_in_native, id=21488, stack(0x000000d91f700000,0x000000d91f800000)]
  0x000002993efdb2c0 JavaThread "Reference Handler" daemon [_thread_blocked, id=14624, stack(0x000000d91fe00000,0x000000d91ff00000)]
  0x000002993efdbc80 JavaThread "Finalizer" daemon [_thread_blocked, id=1448, stack(0x000000d91ff00000,0x000000d920000000)]
  0x000002993efeb2c0 JavaThread "Signal Dispatcher" daemon [_thread_blocked, id=1416, stack(0x000000d920000000,0x000000d920100000)]
  0x000002993efebc80 JavaThread "Attach Listener" daemon [_thread_blocked, id=5356, stack(0x000000d920100000,0x000000d920200000)]
  0x000002993efef660 JavaThread "Service Thread" daemon [_thread_blocked, id=6248, stack(0x000000d920200000,0x000000d920300000)]
  0x000002993eff0020 JavaThread "Monitor Deflation Thread" daemon [_thread_blocked, id=18008, stack(0x000000d920300000,0x000000d920400000)]
=>0x000002993eff11d0 JavaThread "C2 CompilerThread0" daemon [_thread_in_native, id=18576, stack(0x000000d920400000,0x000000d920500000)]
  0x000002993eff1c80 JavaThread "C1 CompilerThread0" daemon [_thread_blocked, id=5376, stack(0x000000d920500000,0x000000d920600000)]
  0x000002993f004670 JavaThread "Sweeper thread" daemon [_thread_blocked, id=16560, stack(0x000000d920600000,0x000000d920700000)]
  0x000002993f231980 JavaThread "Notification Thread" daemon [_thread_blocked, id=20804, stack(0x000000d920700000,0x000000d920800000)]
  0x000002993f2440d0 JavaThread "Common-Cleaner" daemon [_thread_blocked, id=24124, stack(0x000000d920900000,0x000000d920a00000)]
  0x000002993f2db6c0 JavaThread "C2 CompilerThread1" daemon [_thread_in_native, id=15704, stack(0x000000d920a00000,0x000000d920b00000)]
  0x000002993f8dd4e0 JavaThread "ReaderThread" [_thread_in_native, id=17376, stack(0x000000d920b00000,0x000000d920c00000)]
  0x0000029985572770 JavaThread "C2 CompilerThread2" daemon [_thread_in_native, id=14028, stack(0x000000d920c00000,0x000000d920d00000)]

Other Threads:
  0x000002993efd7920 VMThread "VM Thread" [stack: 0x000000d91fd00000,0x000000d91fe00000] [id=15308]
  0x000002993f235e70 WatcherThread [stack: 0x000000d920800000,0x000000d920900000] [id=22048]
  0x00000299210ff7c0 GCTaskThread "GC Thread#0" [stack: 0x000000d91f800000,0x000000d91f900000] [id=22036]
  0x000002998558f2f0 GCTaskThread "GC Thread#1" [stack: 0x000000d920d00000,0x000000d920e00000] [id=17944]
  0x000002998558f5b0 GCTaskThread "GC Thread#2" [stack: 0x000000d920e00000,0x000000d920f00000] [id=9988]
  0x0000029985523190 GCTaskThread "GC Thread#3" [stack: 0x000000d920f00000,0x000000d921000000] [id=22252]
  0x000002998554b560 GCTaskThread "GC Thread#4" [stack: 0x000000d921000000,0x000000d921100000] [id=24232]
  0x0000029986769930 GCTaskThread "GC Thread#5" [stack: 0x000000d921200000,0x000000d921300000] [id=13668]
  0x0000029986769bf0 GCTaskThread "GC Thread#6" [stack: 0x000000d921300000,0x000000d921400000] [id=2284]
  0x0000029986768070 GCTaskThread "GC Thread#7" [stack: 0x000000d921400000,0x000000d921500000] [id=9992]
  0x000002992110fdd0 ConcurrentGCThread "G1 Main Marker" [stack: 0x000000d91f900000,0x000000d91fa00000] [id=420]
  0x00000299211117f0 ConcurrentGCThread "G1 Conc#0" [stack: 0x000000d91fa00000,0x000000d91fb00000] [id=19496]
  0x000002993ee830d0 ConcurrentGCThread "G1 Refine#0" [stack: 0x000000d91fb00000,0x000000d91fc00000] [id=4056]
  0x000002993f57c3d0 ConcurrentGCThread "G1 Refine#1" [stack: 0x000000d921100000,0x000000d921200000] [id=1500]
  0x000002993ee83a00 ConcurrentGCThread "G1 Service" [stack: 0x000000d91fc00000,0x000000d91fd00000] [id=8036]

Threads with active compile tasks:
C2 CompilerThread0     3820 1965       4       jdk.internal.org.objectweb.asm.SymbolTable::addConstantMemberReference (147 bytes)
C2 CompilerThread1     3820 1991   !   4       jdk.internal.loader.URLClassPath$JarLoader::getResource (354 bytes)
C2 CompilerThread2     3820 1952       4       java.net.URLStreamHandler::parseURL (1201 bytes)

VM state: not at safepoint (normal execution)

VM Mutex/Monitor currently owned by a thread: None

Heap address: 0x0000000084e00000, size: 1970 MB, Compressed Oops mode: 32-bit

CDS archive(s) mapped at: [0x0000029940000000-0x0000029940bd0000-0x0000029940bd0000), size 12386304, SharedBaseAddress: 0x0000029940000000, ArchiveRelocationMode: 1.
Compressed class space mapped at: 0x0000029941000000-0x0000029981000000, reserved size: 1073741824
Narrow klass base: 0x0000029940000000, Narrow klass shift: 0, Narrow klass range: 0x100000000

GC Precious Log:
 CPUs: 8 total, 8 available
 Memory: 7877M
 Large Page Support: Disabled
 NUMA Support: Disabled
 Compressed Oops: Enabled (32-bit)
 Heap Region Size: 1M
 Heap Min Capacity: 8M
 Heap Initial Capacity: 124M
 Heap Max Capacity: 1970M
 Pre-touch: Disabled
 Parallel Workers: 8
 Concurrent Workers: 2
 Concurrent Refinement Workers: 8
 Periodic GC: Disabled

Heap:
 garbage-first heap   total 126976K, used 14148K [0x0000000084e00000, 0x0000000100000000)
  region size 1024K, 8 young (8192K), 3 survivors (3072K)
 Metaspace       used 12524K, committed 12864K, reserved 1114112K
  class space    used 1653K, committed 1792K, reserved 1048576K

Heap Regions: E=young(eden), S=young(survivor), O=old, HS=humongous(starts), HC=humongous(continues), CS=collection set, F=free, OA=open archive, CA=closed archive, TAMS=top-at-mark-start (previous, next)
|   0|0x0000000084e00000, 0x0000000084f00000, 0x0000000084f00000|100%|HS|  |TAMS 0x0000000084e00000, 0x0000000084e00000| Complete 
|   1|0x0000000084f00000, 0x0000000085000000, 0x0000000085000000|100%|HS|  |TAMS 0x0000000084f00000, 0x0000000084f00000| Complete 
|   2|0x0000000085000000, 0x0000000085100000, 0x0000000085100000|100%| O|  |TAMS 0x0000000085000000, 0x0000000085000000| Untracked 
|   3|0x0000000085100000, 0x0000000085200000, 0x0000000085200000|100%| O|  |TAMS 0x0000000085100000, 0x0000000085100000| Untracked 
|   4|0x0000000085200000, 0x0000000085300000, 0x0000000085300000|100%| O|  |TAMS 0x0000000085200000, 0x0000000085200000| Untracked 
|   5|0x0000000085300000, 0x0000000085400000, 0x0000000085400000|100%| O|  |TAMS 0x0000000085300000, 0x0000000085300000| Untracked 
|   6|0x0000000085400000, 0x0000000085500000, 0x0000000085500000|100%| O|  |TAMS 0x0000000085400000, 0x0000000085400000| Untracked 
|   7|0x0000000085500000, 0x0000000085594c00, 0x0000000085600000| 58%| O|  |TAMS 0x0000000085500000, 0x0000000085500000| Untracked 
|   8|0x0000000085600000, 0x0000000085600000, 0x0000000085700000|  0%| F|  |TAMS 0x0000000085600000, 0x0000000085600000| Untracked 
|   9|0x0000000085700000, 0x0000000085700000, 0x0000000085800000|  0%| F|  |TAMS 0x0000000085700000, 0x0000000085700000| Untracked 
|  10|0x0000000085800000, 0x0000000085800000, 0x0000000085900000|  0%| F|  |TAMS 0x0000000085800000, 0x0000000085800000| Untracked 
|  11|0x0000000085900000, 0x0000000085900000, 0x0000000085a00000|  0%| F|  |TAMS 0x0000000085900000, 0x0000000085900000| Untracked 
|  12|0x0000000085a00000, 0x0000000085a00000, 0x0000000085b00000|  0%| F|  |TAMS 0x0000000085a00000, 0x0000000085a00000| Untracked 
|  13|0x0000000085b00000, 0x0000000085b00000, 0x0000000085c00000|  0%| F|  |TAMS 0x0000000085b00000, 0x0000000085b00000| Untracked 
|  14|0x0000000085c00000, 0x0000000085c00000, 0x0000000085d00000|  0%| F|  |TAMS 0x0000000085c00000, 0x0000000085c00000| Untracked 
|  15|0x0000000085d00000, 0x0000000085d00000, 0x0000000085e00000|  0%| F|  |TAMS 0x0000000085d00000, 0x0000000085d00000| Untracked 
|  16|0x0000000085e00000, 0x0000000085e00000, 0x0000000085f00000|  0%| F|  |TAMS 0x0000000085e00000, 0x0000000085e00000| Untracked 
|  17|0x0000000085f00000, 0x0000000085f00000, 0x0000000086000000|  0%| F|  |TAMS 0x0000000085f00000, 0x0000000085f00000| Untracked 
|  18|0x0000000086000000, 0x0000000086000000, 0x0000000086100000|  0%| F|  |TAMS 0x0000000086000000, 0x0000000086000000| Untracked 
|  19|0x0000000086100000, 0x0000000086100000, 0x0000000086200000|  0%| F|  |TAMS 0x0000000086100000, 0x0000000086100000| Untracked 
|  20|0x0000000086200000, 0x0000000086200000, 0x0000000086300000|  0%| F|  |TAMS 0x0000000086200000, 0x0000000086200000| Untracked 
|  21|0x0000000086300000, 0x0000000086300000, 0x0000000086400000|  0%| F|  |TAMS 0x0000000086300000, 0x0000000086300000| Untracked 
|  22|0x0000000086400000, 0x0000000086400000, 0x0000000086500000|  0%| F|  |TAMS 0x0000000086400000, 0x0000000086400000| Untracked 
|  23|0x0000000086500000, 0x0000000086500000, 0x0000000086600000|  0%| F|  |TAMS 0x0000000086500000, 0x0000000086500000| Untracked 
|  24|0x0000000086600000, 0x0000000086600000, 0x0000000086700000|  0%| F|  |TAMS 0x0000000086600000, 0x0000000086600000| Untracked 
|  25|0x0000000086700000, 0x0000000086700000, 0x0000000086800000|  0%| F|  |TAMS 0x0000000086700000, 0x0000000086700000| Untracked 
|  26|0x0000000086800000, 0x0000000086800000, 0x0000000086900000|  0%| F|  |TAMS 0x0000000086800000, 0x0000000086800000| Untracked 
|  27|0x0000000086900000, 0x0000000086900000, 0x0000000086a00000|  0%| F|  |TAMS 0x0000000086900000, 0x0000000086900000| Untracked 
|  28|0x0000000086a00000, 0x0000000086a00000, 0x0000000086b00000|  0%| F|  |TAMS 0x0000000086a00000, 0x0000000086a00000| Untracked 
|  29|0x0000000086b00000, 0x0000000086b00000, 0x0000000086c00000|  0%| F|  |TAMS 0x0000000086b00000, 0x0000000086b00000| Untracked 
|  30|0x0000000086c00000, 0x0000000086c00000, 0x0000000086d00000|  0%| F|  |TAMS 0x0000000086c00000, 0x0000000086c00000| Untracked 
|  31|0x0000000086d00000, 0x0000000086d00000, 0x0000000086e00000|  0%| F|  |TAMS 0x0000000086d00000, 0x0000000086d00000| Untracked 
|  32|0x0000000086e00000, 0x0000000086e00000, 0x0000000086f00000|  0%| F|  |TAMS 0x0000000086e00000, 0x0000000086e00000| Untracked 
|  33|0x0000000086f00000, 0x0000000086f00000, 0x0000000087000000|  0%| F|  |TAMS 0x0000000086f00000, 0x0000000086f00000| Untracked 
|  34|0x0000000087000000, 0x0000000087000000, 0x0000000087100000|  0%| F|  |TAMS 0x0000000087000000, 0x0000000087000000| Untracked 
|  35|0x0000000087100000, 0x0000000087100000, 0x0000000087200000|  0%| F|  |TAMS 0x0000000087100000, 0x0000000087100000| Untracked 
|  36|0x0000000087200000, 0x0000000087200000, 0x0000000087300000|  0%| F|  |TAMS 0x0000000087200000, 0x0000000087200000| Untracked 
|  37|0x0000000087300000, 0x0000000087300000, 0x0000000087400000|  0%| F|  |TAMS 0x0000000087300000, 0x0000000087300000| Untracked 
|  38|0x0000000087400000, 0x0000000087400000, 0x0000000087500000|  0%| F|  |TAMS 0x0000000087400000, 0x0000000087400000| Untracked 
|  39|0x0000000087500000, 0x0000000087500000, 0x0000000087600000|  0%| F|  |TAMS 0x0000000087500000, 0x0000000087500000| Untracked 
|  40|0x0000000087600000, 0x0000000087600000, 0x0000000087700000|  0%| F|  |TAMS 0x0000000087600000, 0x0000000087600000| Untracked 
|  41|0x0000000087700000, 0x0000000087700000, 0x0000000087800000|  0%| F|  |TAMS 0x0000000087700000, 0x0000000087700000| Untracked 
|  42|0x0000000087800000, 0x0000000087800000, 0x0000000087900000|  0%| F|  |TAMS 0x0000000087800000, 0x0000000087800000| Untracked 
|  43|0x0000000087900000, 0x0000000087900000, 0x0000000087a00000|  0%| F|  |TAMS 0x0000000087900000, 0x0000000087900000| Untracked 
|  44|0x0000000087a00000, 0x0000000087a00000, 0x0000000087b00000|  0%| F|  |TAMS 0x0000000087a00000, 0x0000000087a00000| Untracked 
|  45|0x0000000087b00000, 0x0000000087b00000, 0x0000000087c00000|  0%| F|  |TAMS 0x0000000087b00000, 0x0000000087b00000| Untracked 
|  46|0x0000000087c00000, 0x0000000087c00000, 0x0000000087d00000|  0%| F|  |TAMS 0x0000000087c00000, 0x0000000087c00000| Untracked 
|  47|0x0000000087d00000, 0x0000000087d00000, 0x0000000087e00000|  0%| F|  |TAMS 0x0000000087d00000, 0x0000000087d00000| Untracked 
|  48|0x0000000087e00000, 0x0000000087e00000, 0x0000000087f00000|  0%| F|  |TAMS 0x0000000087e00000, 0x0000000087e00000| Untracked 
|  49|0x0000000087f00000, 0x0000000087f00000, 0x0000000088000000|  0%| F|  |TAMS 0x0000000087f00000, 0x0000000087f00000| Untracked 
|  50|0x0000000088000000, 0x0000000088000000, 0x0000000088100000|  0%| F|  |TAMS 0x0000000088000000, 0x0000000088000000| Untracked 
|  51|0x0000000088100000, 0x0000000088100000, 0x0000000088200000|  0%| F|  |TAMS 0x0000000088100000, 0x0000000088100000| Untracked 
|  52|0x0000000088200000, 0x0000000088200000, 0x0000000088300000|  0%| F|  |TAMS 0x0000000088200000, 0x0000000088200000| Untracked 
|  53|0x0000000088300000, 0x0000000088300000, 0x0000000088400000|  0%| F|  |TAMS 0x0000000088300000, 0x0000000088300000| Untracked 
|  54|0x0000000088400000, 0x0000000088400000, 0x0000000088500000|  0%| F|  |TAMS 0x0000000088400000, 0x0000000088400000| Untracked 
|  55|0x0000000088500000, 0x0000000088500000, 0x0000000088600000|  0%| F|  |TAMS 0x0000000088500000, 0x0000000088500000| Untracked 
|  56|0x0000000088600000, 0x0000000088600000, 0x0000000088700000|  0%| F|  |TAMS 0x0000000088600000, 0x0000000088600000| Untracked 
|  57|0x0000000088700000, 0x0000000088700000, 0x0000000088800000|  0%| F|  |TAMS 0x0000000088700000, 0x0000000088700000| Untracked 
|  58|0x0000000088800000, 0x0000000088800000, 0x0000000088900000|  0%| F|  |TAMS 0x0000000088800000, 0x0000000088800000| Untracked 
|  59|0x0000000088900000, 0x0000000088900000, 0x0000000088a00000|  0%| F|  |TAMS 0x0000000088900000, 0x0000000088900000| Untracked 
|  60|0x0000000088a00000, 0x0000000088a00000, 0x0000000088b00000|  0%| F|  |TAMS 0x0000000088a00000, 0x0000000088a00000| Untracked 
|  61|0x0000000088b00000, 0x0000000088b00000, 0x0000000088c00000|  0%| F|  |TAMS 0x0000000088b00000, 0x0000000088b00000| Untracked 
|  62|0x0000000088c00000, 0x0000000088c00000, 0x0000000088d00000|  0%| F|  |TAMS 0x0000000088c00000, 0x0000000088c00000| Untracked 
|  63|0x0000000088d00000, 0x0000000088d00000, 0x0000000088e00000|  0%| F|  |TAMS 0x0000000088d00000, 0x0000000088d00000| Untracked 
|  64|0x0000000088e00000, 0x0000000088e00000, 0x0000000088f00000|  0%| F|  |TAMS 0x0000000088e00000, 0x0000000088e00000| Untracked 
|  65|0x0000000088f00000, 0x0000000088f00000, 0x0000000089000000|  0%| F|  |TAMS 0x0000000088f00000, 0x0000000088f00000| Untracked 
|  66|0x0000000089000000, 0x0000000089000000, 0x0000000089100000|  0%| F|  |TAMS 0x0000000089000000, 0x0000000089000000| Untracked 
|  67|0x0000000089100000, 0x0000000089100000, 0x0000000089200000|  0%| F|  |TAMS 0x0000000089100000, 0x0000000089100000| Untracked 
|  68|0x0000000089200000, 0x0000000089200000, 0x0000000089300000|  0%| F|  |TAMS 0x0000000089200000, 0x0000000089200000| Untracked 
|  69|0x0000000089300000, 0x0000000089300000, 0x0000000089400000|  0%| F|  |TAMS 0x0000000089300000, 0x0000000089300000| Untracked 
|  70|0x0000000089400000, 0x0000000089400000, 0x0000000089500000|  0%| F|  |TAMS 0x0000000089400000, 0x0000000089400000| Untracked 
|  71|0x0000000089500000, 0x0000000089500000, 0x0000000089600000|  0%| F|  |TAMS 0x0000000089500000, 0x0000000089500000| Untracked 
|  72|0x0000000089600000, 0x0000000089600000, 0x0000000089700000|  0%| F|  |TAMS 0x0000000089600000, 0x0000000089600000| Untracked 
|  73|0x0000000089700000, 0x0000000089700000, 0x0000000089800000|  0%| F|  |TAMS 0x0000000089700000, 0x0000000089700000| Untracked 
|  74|0x0000000089800000, 0x0000000089800000, 0x0000000089900000|  0%| F|  |TAMS 0x0000000089800000, 0x0000000089800000| Untracked 
|  75|0x0000000089900000, 0x0000000089900000, 0x0000000089a00000|  0%| F|  |TAMS 0x0000000089900000, 0x0000000089900000| Untracked 
|  76|0x0000000089a00000, 0x0000000089a00000, 0x0000000089b00000|  0%| F|  |TAMS 0x0000000089a00000, 0x0000000089a00000| Untracked 
|  77|0x0000000089b00000, 0x0000000089b00000, 0x0000000089c00000|  0%| F|  |TAMS 0x0000000089b00000, 0x0000000089b00000| Untracked 
|  78|0x0000000089c00000, 0x0000000089c00000, 0x0000000089d00000|  0%| F|  |TAMS 0x0000000089c00000, 0x0000000089c00000| Untracked 
|  79|0x0000000089d00000, 0x0000000089d00000, 0x0000000089e00000|  0%| F|  |TAMS 0x0000000089d00000, 0x0000000089d00000| Untracked 
|  80|0x0000000089e00000, 0x0000000089e00000, 0x0000000089f00000|  0%| F|  |TAMS 0x0000000089e00000, 0x0000000089e00000| Untracked 
|  81|0x0000000089f00000, 0x0000000089f00000, 0x000000008a000000|  0%| F|  |TAMS 0x0000000089f00000, 0x0000000089f00000| Untracked 
|  82|0x000000008a000000, 0x000000008a000000, 0x000000008a100000|  0%| F|  |TAMS 0x000000008a000000, 0x000000008a000000| Untracked 
|  83|0x000000008a100000, 0x000000008a100000, 0x000000008a200000|  0%| F|  |TAMS 0x000000008a100000, 0x000000008a100000| Untracked 
|  84|0x000000008a200000, 0x000000008a200000, 0x000000008a300000|  0%| F|  |TAMS 0x000000008a200000, 0x000000008a200000| Untracked 
|  85|0x000000008a300000, 0x000000008a300000, 0x000000008a400000|  0%| F|  |TAMS 0x000000008a300000, 0x000000008a300000| Untracked 
|  86|0x000000008a400000, 0x000000008a400000, 0x000000008a500000|  0%| F|  |TAMS 0x000000008a400000, 0x000000008a400000| Untracked 
|  87|0x000000008a500000, 0x000000008a500000, 0x000000008a600000|  0%| F|  |TAMS 0x000000008a500000, 0x000000008a500000| Untracked 
|  88|0x000000008a600000, 0x000000008a600000, 0x000000008a700000|  0%| F|  |TAMS 0x000000008a600000, 0x000000008a600000| Untracked 
|  89|0x000000008a700000, 0x000000008a700000, 0x000000008a800000|  0%| F|  |TAMS 0x000000008a700000, 0x000000008a700000| Untracked 
|  90|0x000000008a800000, 0x000000008a800000, 0x000000008a900000|  0%| F|  |TAMS 0x000000008a800000, 0x000000008a800000| Untracked 
|  91|0x000000008a900000, 0x000000008a900000, 0x000000008aa00000|  0%| F|  |TAMS 0x000000008a900000, 0x000000008a900000| Untracked 
|  92|0x000000008aa00000, 0x000000008aa3c5e8, 0x000000008ab00000| 23%| S|CS|TAMS 0x000000008aa00000, 0x000000008aa00000| Complete 
|  93|0x000000008ab00000, 0x000000008ac00000, 0x000000008ac00000|100%| S|CS|TAMS 0x000000008ab00000, 0x000000008ab00000| Complete 
|  94|0x000000008ac00000, 0x000000008ad00000, 0x000000008ad00000|100%| S|CS|TAMS 0x000000008ac00000, 0x000000008ac00000| Complete 
|  95|0x000000008ad00000, 0x000000008ad00000, 0x000000008ae00000|  0%| F|  |TAMS 0x000000008ad00000, 0x000000008ad00000| Untracked 
|  96|0x000000008ae00000, 0x000000008ae00000, 0x000000008af00000|  0%| F|  |TAMS 0x000000008ae00000, 0x000000008ae00000| Untracked 
|  97|0x000000008af00000, 0x000000008af00000, 0x000000008b000000|  0%| F|  |TAMS 0x000000008af00000, 0x000000008af00000| Untracked 
|  98|0x000000008b000000, 0x000000008b000000, 0x000000008b100000|  0%| F|  |TAMS 0x000000008b000000, 0x000000008b000000| Untracked 
|  99|0x000000008b100000, 0x000000008b100000, 0x000000008b200000|  0%| F|  |TAMS 0x000000008b100000, 0x000000008b100000| Untracked 
| 100|0x000000008b200000, 0x000000008b200000, 0x000000008b300000|  0%| F|  |TAMS 0x000000008b200000, 0x000000008b200000| Untracked 
| 101|0x000000008b300000, 0x000000008b300000, 0x000000008b400000|  0%| F|  |TAMS 0x000000008b300000, 0x000000008b300000| Untracked 
| 102|0x000000008b400000, 0x000000008b400000, 0x000000008b500000|  0%| F|  |TAMS 0x000000008b400000, 0x000000008b400000| Untracked 
| 103|0x000000008b500000, 0x000000008b500000, 0x000000008b600000|  0%| F|  |TAMS 0x000000008b500000, 0x000000008b500000| Untracked 
| 104|0x000000008b600000, 0x000000008b600000, 0x000000008b700000|  0%| F|  |TAMS 0x000000008b600000, 0x000000008b600000| Untracked 
| 105|0x000000008b700000, 0x000000008b700000, 0x000000008b800000|  0%| F|  |TAMS 0x000000008b700000, 0x000000008b700000| Untracked 
| 106|0x000000008b800000, 0x000000008b800000, 0x000000008b900000|  0%| F|  |TAMS 0x000000008b800000, 0x000000008b800000| Untracked 
| 107|0x000000008b900000, 0x000000008b900000, 0x000000008ba00000|  0%| F|  |TAMS 0x000000008b900000, 0x000000008b900000| Untracked 
| 108|0x000000008ba00000, 0x000000008ba00000, 0x000000008bb00000|  0%| F|  |TAMS 0x000000008ba00000, 0x000000008ba00000| Untracked 
| 109|0x000000008bb00000, 0x000000008bb00000, 0x000000008bc00000|  0%| F|  |TAMS 0x000000008bb00000, 0x000000008bb00000| Untracked 
| 110|0x000000008bc00000, 0x000000008bc00000, 0x000000008bd00000|  0%| F|  |TAMS 0x000000008bc00000, 0x000000008bc00000| Untracked 
| 111|0x000000008bd00000, 0x000000008bd00000, 0x000000008be00000|  0%| F|  |TAMS 0x000000008bd00000, 0x000000008bd00000| Untracked 
| 112|0x000000008be00000, 0x000000008be00000, 0x000000008bf00000|  0%| F|  |TAMS 0x000000008be00000, 0x000000008be00000| Untracked 
| 113|0x000000008bf00000, 0x000000008bf00000, 0x000000008c000000|  0%| F|  |TAMS 0x000000008bf00000, 0x000000008bf00000| Untracked 
| 114|0x000000008c000000, 0x000000008c000000, 0x000000008c100000|  0%| F|  |TAMS 0x000000008c000000, 0x000000008c000000| Untracked 
| 115|0x000000008c100000, 0x000000008c100000, 0x000000008c200000|  0%| F|  |TAMS 0x000000008c100000, 0x000000008c100000| Untracked 
| 116|0x000000008c200000, 0x000000008c200000, 0x000000008c300000|  0%| F|  |TAMS 0x000000008c200000, 0x000000008c200000| Untracked 
| 117|0x000000008c300000, 0x000000008c300000, 0x000000008c400000|  0%| F|  |TAMS 0x000000008c300000, 0x000000008c300000| Untracked 
| 118|0x000000008c400000, 0x000000008c480800, 0x000000008c500000| 50%| E|  |TAMS 0x000000008c400000, 0x000000008c400000| Complete 
| 119|0x000000008c500000, 0x000000008c600000, 0x000000008c600000|100%| E|CS|TAMS 0x000000008c500000, 0x000000008c500000| Complete 
| 120|0x000000008c600000, 0x000000008c700000, 0x000000008c700000|100%| E|CS|TAMS 0x000000008c600000, 0x000000008c600000| Complete 
| 121|0x000000008c700000, 0x000000008c800000, 0x000000008c800000|100%| E|CS|TAMS 0x000000008c700000, 0x000000008c700000| Complete 
| 122|0x000000008c800000, 0x000000008c900000, 0x000000008c900000|100%| E|CS|TAMS 0x000000008c800000, 0x000000008c800000| Complete 
| 123|0x000000008c900000, 0x000000008ca00000, 0x000000008ca00000|100%| E|CS|TAMS 0x000000008c900000, 0x000000008c900000| Complete 

Card table byte_map: [0x0000029938060000,0x0000029938440000] _byte_map_base: 0x0000029937c39000

Marking Bits (Prev, Next): (CMBitMap*) 0x00000299210ffde0, (CMBitMap*) 0x00000299210ffe20
 Prev Bits: [0x0000029938820000, 0x000002993a6e8000)
 Next Bits: [0x000002993a6f0000, 0x000002993c5b8000)

Polling page: 0x0000029920860000

Metaspace:

Usage:
  Non-class:     10.64 MB used.
      Class:      1.62 MB used.
       Both:     12.26 MB used.

Virtual space:
  Non-class space:       64.00 MB reserved,      10.81 MB ( 17%) committed,  1 nodes.
      Class space:        1.00 GB reserved,       1.75 MB ( <1%) committed,  1 nodes.
             Both:        1.06 GB reserved,      12.56 MB (  1%) committed. 

Chunk freelists:
   Non-Class:  5.14 MB
       Class:  14.19 MB
        Both:  19.33 MB

MaxMetaspaceSize: unlimited
CompressedClassSpaceSize: 1.00 GB
Initial GC threshold: 21.00 MB
Current GC threshold: 21.00 MB
CDS: on
MetaspaceReclaimPolicy: balanced
 - commit_granule_bytes: 65536.
 - commit_granule_words: 8192.
 - virtual_space_node_default_size: 8388608.
 - enlarge_chunks_in_place: 1.
 - new_chunks_are_fully_committed: 0.
 - uncommit_free_chunks: 1.
 - use_allocation_guard: 0.
 - handle_deallocations: 1.


Internal statistics:

num_allocs_failed_limit: 0.
num_arena_births: 342.
num_arena_deaths: 0.
num_vsnodes_births: 2.
num_vsnodes_deaths: 0.
num_space_committed: 201.
num_space_uncommitted: 0.
num_chunks_returned_to_freelist: 0.
num_chunks_taken_from_freelist: 788.
num_chunk_merges: 0.
num_chunk_splits: 485.
num_chunks_enlarged: 334.
num_inconsistent_stats: 0.

CodeHeap 'non-profiled nmethods': size=120000Kb used=938Kb max_used=938Kb free=119061Kb
 bounds [0x0000029930420000, 0x0000029930690000, 0x0000029937950000]
CodeHeap 'profiled nmethods': size=120000Kb used=3906Kb max_used=3906Kb free=116093Kb
 bounds [0x0000029928950000, 0x0000029928d30000, 0x000002992fe80000]
CodeHeap 'non-nmethods': size=5760Kb used=1203Kb max_used=1247Kb free=4556Kb
 bounds [0x000002992fe80000, 0x00000299300f0000, 0x0000029930420000]
 total_blobs=2475 nmethods=1990 adapters=397
 compilation: enabled
              stopped_count=0, restarted_count=0
 full_count=0

Compilation events (20 events):
Event: 3.729 Thread 0x000002993eff1c80 1959       3       java.util.Spliterator::getExactSizeIfKnown (25 bytes)
Event: 3.729 Thread 0x000002993eff1c80 nmethod 1959 0x0000029928d15910 code [0x0000029928d15ac0, 0x0000029928d15db8]
Event: 3.729 Thread 0x000002993eff1c80 1962       3       java.util.stream.StreamOpFlag::combineOpFlags (9 bytes)
Event: 3.729 Thread 0x000002993eff11d0 1965       4       jdk.internal.org.objectweb.asm.SymbolTable::addConstantMemberReference (147 bytes)
Event: 3.730 Thread 0x000002993eff1c80 nmethod 1962 0x0000029928d15e90 code [0x0000029928d16020, 0x0000029928d161d8]
Event: 3.730 Thread 0x000002993eff1c80 1960       1       java.util.stream.MatchOps$BooleanTerminalSink::cancellationRequested (5 bytes)
Event: 3.730 Thread 0x000002993eff1c80 nmethod 1960 0x0000029930506990 code [0x0000029930506b20, 0x0000029930506bf8]
Event: 3.730 Thread 0x000002993eff1c80 1964       3       java.util.ArrayList$ArrayListSpliterator::getFence (35 bytes)
Event: 3.730 Thread 0x000002993eff1c80 nmethod 1964 0x0000029928d16290 code [0x0000029928d16420, 0x0000029928d16578]
Event: 3.730 Thread 0x000002993eff1c80 1963       3       java.util.stream.StreamOpFlag::getMask (30 bytes)
Event: 3.731 Thread 0x000002993eff1c80 nmethod 1963 0x0000029928d16610 code [0x0000029928d167a0, 0x0000029928d16918]
Event: 3.731 Thread 0x000002993eff1c80 1961       3       java.util.stream.AbstractPipeline::sourceSpliterator (265 bytes)
Event: 3.733 Thread 0x000002993eff1c80 nmethod 1961 0x0000029928d16990 code [0x0000029928d16c00, 0x0000029928d179e8]
Event: 3.739 Thread 0x000002993f2db6c0 nmethod 1958 0x0000029930506f90 code [0x0000029930507140, 0x00000299305078d8]
Event: 3.743 Thread 0x000002993eff1c80 1969       3       java.lang.invoke.MethodHandles$Lookup::resolveOrFail (48 bytes)
Event: 3.744 Thread 0x000002993eff1c80 nmethod 1969 0x0000029928d17e90 code [0x0000029928d180c0, 0x0000029928d18748]
Event: 3.765 Thread 0x000002993eff1c80 1973       3       java.lang.invoke.DirectMethodHandle$Holder::invokeStatic (15 bytes)
Event: 3.766 Thread 0x000002993eff1c80 nmethod 1973 0x0000029928d18a10 code [0x0000029928d18be0, 0x0000029928d19138]
Event: 3.766 Thread 0x000002993eff1c80 1974       3       java.lang.String::substring (10 bytes)
Event: 3.767 Thread 0x000002993eff1c80 nmethod 1974 0x0000029928d19290 code [0x0000029928d19440, 0x0000029928d19688]

GC Heap History (4 events):
Event: 1.872 GC heap before
{Heap before GC invocations=0 (full 0):
 garbage-first heap   total 126976K, used 24576K [0x0000000084e00000, 0x0000000100000000)
  region size 1024K, 23 young (23552K), 0 survivors (0K)
 Metaspace       used 4977K, committed 5120K, reserved 1114112K
  class space    used 584K, committed 640K, reserved 1048576K
}
Event: 1.880 GC heap after
{Heap after GC invocations=1 (full 0):
 garbage-first heap   total 126976K, used 7814K [0x0000000084e00000, 0x0000000100000000)
  region size 1024K, 3 young (3072K), 3 survivors (3072K)
 Metaspace       used 4977K, committed 5120K, reserved 1114112K
  class space    used 584K, committed 640K, reserved 1048576K
}
Event: 3.569 GC heap before
{Heap before GC invocations=1 (full 0):
 garbage-first heap   total 126976K, used 34438K [0x0000000084e00000, 0x0000000100000000)
  region size 1024K, 29 young (29696K), 3 survivors (3072K)
 Metaspace       used 11474K, committed 11776K, reserved 1114112K
  class space    used 1492K, committed 1664K, reserved 1048576K
}
Event: 3.578 GC heap after
{Heap after GC invocations=2 (full 0):
 garbage-first heap   total 126976K, used 10052K [0x0000000084e00000, 0x0000000100000000)
  region size 1024K, 3 young (3072K), 3 survivors (3072K)
 Metaspace       used 11474K, committed 11776K, reserved 1114112K
  class space    used 1492K, committed 1664K, reserved 1048576K
}

Deoptimization events (20 events):
Event: 3.483 Thread 0x00000299210a50a0 DEOPT PACKING pc=0x00000299304a9fb4 sp=0x000000d91f7fbe00
Event: 3.483 Thread 0x00000299210a50a0 DEOPT UNPACKING pc=0x000002992fed5ba3 sp=0x000000d91f7fbd98 mode 2
Event: 3.648 Thread 0x00000299210a50a0 Uncommon trap: trap_request=0xffffff45 fr.pc=0x00000299304efd38 relative=0x00000000000000b8
Event: 3.648 Thread 0x00000299210a50a0 Uncommon trap: reason=unstable_if action=reinterpret pc=0x00000299304efd38 method=java.lang.ref.SoftReference.get()Ljava/lang/Object; @ 6 c2
Event: 3.648 Thread 0x00000299210a50a0 DEOPT PACKING pc=0x00000299304efd38 sp=0x000000d91f7fc750
Event: 3.648 Thread 0x00000299210a50a0 DEOPT UNPACKING pc=0x000002992fed5ba3 sp=0x000000d91f7fc708 mode 2
Event: 3.655 Thread 0x00000299210a50a0 Uncommon trap: trap_request=0xffffff45 fr.pc=0x000002993049973c relative=0x000000000000027c
Event: 3.655 Thread 0x00000299210a50a0 Uncommon trap: reason=unstable_if action=reinterpret pc=0x000002993049973c method=java.util.HashMap.hash(Ljava/lang/Object;)I @ 1 c2
Event: 3.655 Thread 0x00000299210a50a0 DEOPT PACKING pc=0x000002993049973c sp=0x000000d91f7fc6c0
Event: 3.655 Thread 0x00000299210a50a0 DEOPT UNPACKING pc=0x000002992fed5ba3 sp=0x000000d91f7fc548 mode 2
Event: 3.664 Thread 0x00000299210a50a0 DEOPT PACKING pc=0x0000029928c74d68 sp=0x000000d91f7fb750
Event: 3.664 Thread 0x00000299210a50a0 DEOPT UNPACKING pc=0x000002992fed66e3 sp=0x000000d91f7fabe0 mode 0
Event: 3.664 Thread 0x00000299210a50a0 DEOPT PACKING pc=0x0000029928c74d68 sp=0x000000d91f7fb750
Event: 3.664 Thread 0x00000299210a50a0 DEOPT UNPACKING pc=0x000002992fed66e3 sp=0x000000d91f7fabe0 mode 0
Event: 3.664 Thread 0x00000299210a50a0 DEOPT PACKING pc=0x0000029928c74d68 sp=0x000000d91f7fb750
Event: 3.664 Thread 0x00000299210a50a0 DEOPT UNPACKING pc=0x000002992fed66e3 sp=0x000000d91f7fabe0 mode 0
Event: 3.717 Thread 0x00000299210a50a0 DEOPT PACKING pc=0x0000029928c74d68 sp=0x000000d91f7faf20
Event: 3.717 Thread 0x00000299210a50a0 DEOPT UNPACKING pc=0x000002992fed66e3 sp=0x000000d91f7fa3b0 mode 0
Event: 3.718 Thread 0x00000299210a50a0 DEOPT PACKING pc=0x0000029928c74d68 sp=0x000000d91f7faf20
Event: 3.718 Thread 0x00000299210a50a0 DEOPT UNPACKING pc=0x000002992fed66e3 sp=0x000000d91f7fa3b0 mode 0

Classes unloaded (0 events):
No events

Classes redefined (0 events):
No events

Internal exceptions (20 events):
Event: 2.799 Thread 0x00000299210a50a0 Implicit null exception at 0x000002993048e48f to 0x000002993048e509
Event: 2.971 Thread 0x00000299210a50a0 Exception <a 'java/lang/IncompatibleClassChangeError'{0x000000008bb960b0}: Found class java.lang.Object, but interface was expected> (0x000000008bb960b0) 
thrown [s\open\src\hotspot\share\interpreter\linkResolver.cpp, line 826]
Event: 3.025 Thread 0x00000299210a50a0 Exception <a 'java/lang/NoSuchMethodError'{0x000000008b90d3b0}: 'int java.lang.invoke.DirectMethodHandle$Holder.invokeInterface(java.lang.Object, java.lang.Object)'> (0x000000008b90d3b0) 
thrown [s\open\src\hotspot\share\interpreter\linkResolver.cpp, line 759]
Event: 3.071 Thread 0x00000299210a50a0 Exception <a 'java/lang/NoSuchMethodError'{0x000000008b9f3330}: 'void java.lang.invoke.DirectMethodHandle$Holder.invokeStaticInit(java.lang.Object, java.lang.Object)'> (0x000000008b9f3330) 
thrown [s\open\src\hotspot\share\interpreter\linkResolver.cpp, line 759]
Event: 3.249 Thread 0x00000299210a50a0 Exception <a 'java/lang/NoSuchMethodError'{0x000000008b574fa0}: 'int java.lang.invoke.DirectMethodHandle$Holder.invokeSpecial(java.lang.Object, java.lang.Object, java.lang.Object, java.lang.Object)'> (0x000000008b574fa0) 
thrown [s\open\src\hotspot\share\interpreter\linkResolver.cpp, line 759]
Event: 3.261 Thread 0x00000299210a50a0 Exception <a 'sun/nio/fs/WindowsException'{0x000000008b588190}> (0x000000008b588190) 
thrown [s\open\src\hotspot\share\prims\jni.cpp, line 516]
Event: 3.263 Thread 0x00000299210a50a0 Exception <a 'java/lang/NoSuchMethodError'{0x000000008b589958}: 'int java.lang.invoke.DirectMethodHandle$Holder.invokeSpecial(java.lang.Object, java.lang.Object, java.lang.Object, java.lang.Object, java.lang.Object)'> (0x000000008b589958) 
thrown [s\open\src\hotspot\share\interpreter\linkResolver.cpp, line 759]
Event: 3.270 Thread 0x00000299210a50a0 Exception <a 'java/lang/NoSuchMethodError'{0x000000008b5929e0}: 'void java.lang.invoke.DirectMethodHandle$Holder.invokeVirtual(java.lang.Object, java.lang.Object)'> (0x000000008b5929e0) 
thrown [s\open\src\hotspot\share\interpreter\linkResolver.cpp, line 759]
Event: 3.280 Thread 0x00000299210a50a0 Exception <a 'sun/nio/fs/WindowsException'{0x000000008b5b1060}> (0x000000008b5b1060) 
thrown [s\open\src\hotspot\share\prims\jni.cpp, line 516]
Event: 3.405 Thread 0x00000299210a50a0 Exception <a 'java/lang/NoSuchMethodError'{0x000000008af2bd40}: 'void java.lang.invoke.DirectMethodHandle$Holder.invokeVirtual(java.lang.Object, java.lang.Object, java.lang.Object, java.lang.Object)'> (0x000000008af2bd40) 
thrown [s\open\src\hotspot\share\interpreter\linkResolver.cpp, line 759]
Event: 3.654 Thread 0x00000299210a50a0 Exception <a 'java/lang/NoSuchMethodError'{0x000000008c8eb5e0}: 'java.lang.Object java.lang.invoke.DirectMethodHandle$Holder.newInvokeSpecial(java.lang.Object, java.lang.Object, java.lang.Object, java.lang.Object, java.lang.Object, java.lang.Object, java.lang.Object)'> (0x000000008c8eb5e0) 
thrown [s\open\src\hotspot\share\interpreter\linkResolver.cpp, line 759]
Event: 3.654 Thread 0x00000299210a50a0 Exception <a 'java/lang/NoSuchMethodError'{0x000000008c8f0198}: 'java.lang.Object java.lang.invoke.Invokers$Holder.linkToTargetMethod(java.lang.Object, java.lang.Object, java.lang.Object, java.lang.Object, java.lang.Object, java.lang.Object, java.lang.Object)'> (0x000000008c8f0198) 
thrown [s\open\src\hotspot\share\interpreter\linkResolver.cpp, line 759]
Event: 3.655 Thread 0x00000299210a50a0 Implicit null exception at 0x000002993049950c to 0x0000029930499724
Event: 3.694 Thread 0x00000299210a50a0 Exception <a 'java/lang/reflect/InvocationTargetException'{0x000000008c7c26c8}> (0x000000008c7c26c8) 
thrown [s\open\src\hotspot\share\runtime\reflection.cpp, line 1121]
Event: 3.731 Thread 0x00000299210a50a0 Exception <a 'java/lang/NoSuchMethodError'{0x000000008c6833b0}: 'java.lang.Object java.lang.invoke.DirectMethodHandle$Holder.invokeInterface(java.lang.Object, java.lang.Object, java.lang.Object, java.lang.Object)'> (0x000000008c6833b0) 
thrown [s\open\src\hotspot\share\interpreter\linkResolver.cpp, line 759]
Event: 3.742 Thread 0x00000299210a50a0 Exception <a 'java/lang/NoSuchMethodError'{0x000000008c69fa90}: 'java.lang.Object java.lang.invoke.DirectMethodHandle$Holder.newInvokeSpecial(java.lang.Object, java.lang.Object, java.lang.Object, java.lang.Object, int)'> (0x000000008c69fa90) 
thrown [s\open\src\hotspot\share\interpreter\linkResolver.cpp, line 759]
Event: 3.743 Thread 0x00000299210a50a0 Exception <a 'java/lang/NoSuchMethodError'{0x000000008c6a4260}: 'java.lang.Object java.lang.invoke.DirectMethodHandle$Holder.invokeSpecial(java.lang.Object, java.lang.Object, java.lang.Object, java.lang.Object, java.lang.Object, int)'> (0x000000008c6a4260) 
thrown [s\open\src\hotspot\share\interpreter\linkResolver.cpp, line 759]
Event: 3.743 Thread 0x00000299210a50a0 Exception <a 'java/lang/NoSuchMethodError'{0x000000008c6a81f0}: 'java.lang.Object java.lang.invoke.Invokers$Holder.linkToTargetMethod(java.lang.Object, java.lang.Object, java.lang.Object, int, java.lang.Object)'> (0x000000008c6a81f0) 
thrown [s\open\src\hotspot\share\interpreter\linkResolver.cpp, line 759]
Event: 3.757 Thread 0x00000299210a50a0 Exception <a 'java/lang/NoSuchMethodError'{0x000000008c6e7a48}: 'java.lang.Object java.lang.invoke.DirectMethodHandle$Holder.invokeInterface(java.lang.Object, java.lang.Object, java.lang.Object, java.lang.Object, java.lang.Object)'> (0x000000008c6e7a48) 
thrown [s\open\src\hotspot\share\interpreter\linkResolver.cpp, line 759]
Event: 3.758 Thread 0x00000299210a50a0 Exception <a 'java/lang/IncompatibleClassChangeError'{0x000000008c6eb840}: Found class java.lang.Object, but interface was expected> (0x000000008c6eb840) 
thrown [s\open\src\hotspot\share\interpreter\linkResolver.cpp, line 826]

VM Operations (20 events):
Event: 1.872 Executing VM operation: G1CollectForAllocation
Event: 1.880 Executing VM operation: G1CollectForAllocation done
Event: 2.358 Executing VM operation: HandshakeAllThreads
Event: 2.358 Executing VM operation: HandshakeAllThreads done
Event: 2.500 Executing VM operation: HandshakeAllThreads
Event: 2.500 Executing VM operation: HandshakeAllThreads done
Event: 2.551 Executing VM operation: HandshakeAllThreads
Event: 2.551 Executing VM operation: HandshakeAllThreads done
Event: 2.665 Executing VM operation: HandshakeAllThreads
Event: 2.665 Executing VM operation: HandshakeAllThreads done
Event: 2.778 Executing VM operation: HandshakeAllThreads
Event: 2.778 Executing VM operation: HandshakeAllThreads done
Event: 3.241 Executing VM operation: ICBufferFull
Event: 3.241 Executing VM operation: ICBufferFull done
Event: 3.396 Executing VM operation: HandshakeAllThreads
Event: 3.396 Executing VM operation: HandshakeAllThreads done
Event: 3.569 Executing VM operation: G1CollectForAllocation
Event: 3.578 Executing VM operation: G1CollectForAllocation done
Event: 3.766 Executing VM operation: HandshakeAllThreads
Event: 3.766 Executing VM operation: HandshakeAllThreads done

Events (20 events):
Event: 3.600 loading class java/time/Year
Event: 3.601 loading class java/time/Year done
Event: 3.602 loading class java/time/Month
Event: 3.603 loading class java/time/Month done
Event: 3.604 loading class java/time/YearMonth
Event: 3.604 loading class java/time/YearMonth done
Event: 3.606 loading class java/time/MonthDay
Event: 3.606 loading class java/time/MonthDay done
Event: 3.613 loading class sun/reflect/generics/tree/CharSignature
Event: 3.613 loading class sun/reflect/generics/tree/CharSignature done
Event: 3.613 loading class sun/reflect/generics/tree/ArrayTypeSignature
Event: 3.613 loading class sun/reflect/generics/tree/ArrayTypeSignature done
Event: 3.615 loading class java/net/UnknownHostException
Event: 3.616 loading class java/net/UnknownHostException done
Event: 3.628 loading class sun/reflect/generics/tree/ByteSignature
Event: 3.628 loading class sun/reflect/generics/tree/ByteSignature done
Event: 3.745 loading class java/util/EventObject
Event: 3.745 loading class java/util/EventObject done
Event: 3.765 loading class java/util/ArrayList$ListItr
Event: 3.766 loading class java/util/ArrayList$ListItr done


Dynamic libraries:
0x00007ff713490000 - 0x00007ff7134a0000 	C:\Program Files\Java\jdk-17\bin\java.exe
0x00007ffbbbe50000 - 0x00007ffbbc067000 	C:\WINDOWS\SYSTEM32\ntdll.dll
0x00007ffbbaa50000 - 0x00007ffbbab14000 	C:\WINDOWS\System32\KERNEL32.DLL
0x00007ffbb97c0000 - 0x00007ffbb9b77000 	C:\WINDOWS\System32\KERNELBASE.dll
0x00007ffbb9540000 - 0x00007ffbb9651000 	C:\WINDOWS\System32\ucrtbase.dll
0x00007ffbaddf0000 - 0x00007ffbade09000 	C:\Program Files\Java\jdk-17\bin\jli.dll
0x00007ffbb1620000 - 0x00007ffbb163b000 	C:\Program Files\Java\jdk-17\bin\VCRUNTIME140.dll
0x00007ffbba0e0000 - 0x00007ffbba192000 	C:\WINDOWS\System32\ADVAPI32.dll
0x00007ffbbadb0000 - 0x00007ffbbae57000 	C:\WINDOWS\System32\msvcrt.dll
0x00007ffbbb820000 - 0x00007ffbbb8c8000 	C:\WINDOWS\System32\sechost.dll
0x00007ffbb93a0000 - 0x00007ffbb93c8000 	C:\WINDOWS\System32\bcrypt.dll
0x00007ffbba8f0000 - 0x00007ffbbaa04000 	C:\WINDOWS\System32\RPCRT4.dll
0x00007ffbbab20000 - 0x00007ffbbaccf000 	C:\WINDOWS\System32\USER32.dll
0x00007ffbb9660000 - 0x00007ffbb9686000 	C:\WINDOWS\System32\win32u.dll
0x00007ffb9a4c0000 - 0x00007ffb9a753000 	C:\WINDOWS\WinSxS\amd64_microsoft.windows.common-controls_6595b64144ccf1df_6.0.22621.3672_none_2713b9d173822955\COMCTL32.dll
0x00007ffbbaa20000 - 0x00007ffbbaa49000 	C:\WINDOWS\System32\GDI32.dll
0x00007ffbb9280000 - 0x00007ffbb9398000 	C:\WINDOWS\System32\gdi32full.dll
0x00007ffbb91e0000 - 0x00007ffbb927a000 	C:\WINDOWS\System32\msvcp_win.dll
0x00007ffbb6850000 - 0x00007ffbb685a000 	C:\WINDOWS\SYSTEM32\VERSION.dll
0x00007ffbba1a0000 - 0x00007ffbba1d1000 	C:\WINDOWS\System32\IMM32.DLL
0x00007ffbadde0000 - 0x00007ffbaddec000 	C:\Program Files\Java\jdk-17\bin\vcruntime140_1.dll
0x00007ffb6e510000 - 0x00007ffb6e59e000 	C:\Program Files\Java\jdk-17\bin\msvcp140.dll
0x00007ffb055e0000 - 0x00007ffb061c0000 	C:\Program Files\Java\jdk-17\bin\server\jvm.dll
0x00007ffbb9d30000 - 0x00007ffbb9d38000 	C:\WINDOWS\System32\PSAPI.DLL
0x00007ffb96710000 - 0x00007ffb96719000 	C:\WINDOWS\SYSTEM32\WSOCK32.dll
0x00007ffbb0d20000 - 0x00007ffbb0d54000 	C:\WINDOWS\SYSTEM32\WINMM.dll
0x00007ffbbacd0000 - 0x00007ffbbad41000 	C:\WINDOWS\System32\WS2_32.dll
0x00007ffbb8170000 - 0x00007ffbb8188000 	C:\WINDOWS\SYSTEM32\kernel.appcore.dll
0x00007ffbaddd0000 - 0x00007ffbaddda000 	C:\Program Files\Java\jdk-17\bin\jimage.dll
0x00007ffbb65c0000 - 0x00007ffbb67f2000 	C:\WINDOWS\SYSTEM32\DBGHELP.DLL
0x00007ffbb9d50000 - 0x00007ffbba0de000 	C:\WINDOWS\System32\combase.dll
0x00007ffbbbbf0000 - 0x00007ffbbbcc7000 	C:\WINDOWS\System32\OLEAUT32.dll
0x00007ffb8ad60000 - 0x00007ffb8ad92000 	C:\WINDOWS\SYSTEM32\dbgcore.DLL
0x00007ffbb9160000 - 0x00007ffbb91db000 	C:\WINDOWS\System32\bcryptPrimitives.dll
0x00007ffb7f7b0000 - 0x00007ffb7f7d5000 	C:\Program Files\Java\jdk-17\bin\java.dll
0x00007ffb67930000 - 0x00007ffb67a07000 	C:\Program Files\Java\jdk-17\bin\jsvml.dll
0x00007ffbbae60000 - 0x00007ffbbb6c9000 	C:\WINDOWS\System32\SHELL32.dll
0x00007ffbb7080000 - 0x00007ffbb797f000 	C:\WINDOWS\SYSTEM32\windows.storage.dll
0x00007ffbb6f40000 - 0x00007ffbb707f000 	C:\WINDOWS\SYSTEM32\wintypes.dll
0x00007ffbbb930000 - 0x00007ffbbba29000 	C:\WINDOWS\System32\SHCORE.dll
0x00007ffbbb8d0000 - 0x00007ffbbb92e000 	C:\WINDOWS\System32\shlwapi.dll
0x00007ffbb9090000 - 0x00007ffbb90b7000 	C:\WINDOWS\SYSTEM32\profapi.dll
0x00007ffb94bc0000 - 0x00007ffb94bd9000 	C:\Program Files\Java\jdk-17\bin\net.dll
0x00007ffbb4100000 - 0x00007ffbb4236000 	C:\WINDOWS\SYSTEM32\WINHTTP.dll
0x00007ffbb85e0000 - 0x00007ffbb8649000 	C:\WINDOWS\system32\mswsock.dll
0x00007ffb8a430000 - 0x00007ffb8a446000 	C:\Program Files\Java\jdk-17\bin\nio.dll
0x00007ffb7d690000 - 0x00007ffb7d6a8000 	C:\Program Files\Java\jdk-17\bin\zip.dll
0x00007ffbb7c70000 - 0x00007ffbb7c9d000 	C:\WINDOWS\SYSTEM32\IPHLPAPI.DLL
0x00007ffbb9d40000 - 0x00007ffbb9d49000 	C:\WINDOWS\System32\NSI.dll
0x00007ffbb3c30000 - 0x00007ffbb3c49000 	C:\WINDOWS\SYSTEM32\dhcpcsvc6.DLL
0x00007ffbb3c10000 - 0x00007ffbb3c2f000 	C:\WINDOWS\SYSTEM32\dhcpcsvc.DLL
0x00007ffbb7ca0000 - 0x00007ffbb7da2000 	C:\WINDOWS\SYSTEM32\DNSAPI.dll

dbghelp: loaded successfully - version: 4.0.5 - missing functions: none
symbol engine: initialized successfully - sym options: 0x614 - pdb path: .;C:\Program Files\Java\jdk-17\bin;C:\WINDOWS\SYSTEM32;C:\WINDOWS\WinSxS\amd64_microsoft.windows.common-controls_6595b64144ccf1df_6.0.22621.3672_none_2713b9d173822955;C:\Program Files\Java\jdk-17\bin\server

VM Arguments:
jvm_args: -ea -XX:+ShowCodeDetailsInExceptionMessages -Dfile.encoding=UTF-8 
java_command: org.eclipse.jdt.internal.junit.runner.RemoteTestRunner -version 3 -port 62947 -testLoaderClass org.eclipse.jdt.internal.junit5.runner.JUnit5TestLoader -loaderpluginname org.eclipse.jdt.junit5.runtime -test com.project.hospital_management.PatientTests:testPatientService
java_class_path (initial): e:\DESKTOP\hospital_management\target\test-classes;e:\DESKTOP\hospital_management\target\classes;c:\Users\hp\.m2\repository\org\springframework\boot\spring-boot-starter-data-jpa\4.0.0\spring-boot-starter-data-jpa-4.0.0.jar;c:\Users\hp\.m2\repository\org\springframework\boot\spring-boot-starter\4.0.0\spring-boot-starter-4.0.0.jar;c:\Users\hp\.m2\repository\org\springframework\boot\spring-boot-starter-logging\4.0.0\spring-boot-starter-logging-4.0.0.jar;c:\Users\hp\.m2\repository\ch\qos\logback\logback-classic\1.5.21\logback-classic-1.5.21.jar;c:\Users\hp\.m2\repository\ch\qos\logback\logback-core\1.5.21\logback-core-1.5.21.jar;c:\Users\hp\.m2\repository\org\apache\logging\log4j\log4j-to-slf4j\2.25.2\log4j-to-slf4j-2.25.2.jar;c:\Users\hp\.m2\repository\org\apache\logging\log4j\log4j-api\2.25.2\log4j-api-2.25.2.jar;c:\Users\hp\.m2\repository\org\slf4j\jul-to-slf4j\2.0.17\jul-to-slf4j-2.0.17.jar;c:\Users\hp\.m2\repository\org\springframework\boot\spring-boot-autoconfigure\4.0.0\spring-boot-autoconfigure-4.0.0.jar;c:\Users\hp\.m2\repository\jakarta\annotation\jakarta.annotation-api\3.0.0\jakarta.annotation-api-3.0.0.jar;c:\Users\hp\.m2\repository\org\yaml\snakeyaml\2.5\snakeyaml-2.5.jar;c:\Users\hp\.m2\repository\org\springframework\boot\spring-boot-starter-jdbc\4.0.0\spring-boot-starter-jdbc-4.0.0.jar;c:\Users\hp\.m2\repository\com\zaxxer\HikariCP\7.0.2\HikariCP-7.0.2.jar;c:\Users\hp\.m2\repository\org\slf4j\slf4j-api\2.0.17\slf4j-api-2.0.17.jar;c:\Users\hp\.m2\repository\org\springframework\boot\spring-boot-data-jpa\4.0.0\spring-boot-data-jpa-4.0.0.jar;c:\Users\hp\.m2\repository\org\springframework\boot\spring-boot-data-commons\4.0.0\spring-boot-data-commons-4.0.0.jar;c:\Users\hp\.m2\repository\org\springframework\boot\spring-boot-persistence\4.0.0\spring-boot-persistence-4.0.0.jar;c:\Users\hp\.m2\repository\org\springframework\data\spring-data-commons\4.0.0\spring-data-commons-4.0.0.jar;c:\Users\hp\.m2\repository\org\springframework\boot\sp
Launcher Type: SUN_STANDARD

[Global flags]
     intx CICompilerCount                          = 4                                         {product} {ergonomic}
     uint ConcGCThreads                            = 2                                         {product} {ergonomic}
     uint G1ConcRefinementThreads                  = 8                                         {product} {ergonomic}
   size_t G1HeapRegionSize                         = 1048576                                   {product} {ergonomic}
    uintx GCDrainStackTargetSize                   = 64                                        {product} {ergonomic}
   size_t InitialHeapSize                          = 130023424                                 {product} {ergonomic}
   size_t MarkStackSize                            = 4194304                                   {product} {ergonomic}
   size_t MaxHeapSize                              = 2065694720                                {product} {ergonomic}
   size_t MaxNewSize                               = 1239416832                                {product} {ergonomic}
   size_t MinHeapDeltaBytes                        = 1048576                                   {product} {ergonomic}
   size_t MinHeapSize                              = 8388608                                   {product} {ergonomic}
    uintx NonNMethodCodeHeapSize                   = 5839372                                {pd product} {ergonomic}
    uintx NonProfiledCodeHeapSize                  = 122909434                              {pd product} {ergonomic}
    uintx ProfiledCodeHeapSize                     = 122909434                              {pd product} {ergonomic}
    uintx ReservedCodeCacheSize                    = 251658240                              {pd product} {ergonomic}
     bool SegmentedCodeCache                       = true                                      {product} {ergonomic}
     bool ShowCodeDetailsInExceptionMessages       = true                                   {manageable} {command line}
   size_t SoftMaxHeapSize                          = 2065694720                             {manageable} {ergonomic}
     bool UseCompressedClassPointers               = true                           {product lp64_product} {ergonomic}
     bool UseCompressedOops                        = true                           {product lp64_product} {ergonomic}
     bool UseG1GC                                  = true                                      {product} {ergonomic}
     bool UseLargePagesIndividualAllocation        = false                                  {pd product} {ergonomic}

Logging:
Log output configuration:
 #0: stdout all=warning uptime,level,tags
 #1: stderr all=off uptime,level,tags

Environment Variables:
JAVA_HOME=C:\Program Files\Java\jdk-17
PATH=C:\Program Files\Python312\Scripts\;C:\Program Files\Python312\;C:\WINDOWS\system32;C:\WINDOWS;C:\WINDOWS\System32\Wbem;C:\WINDOWS\System32\WindowsPowerShell\v1.0\;C:\WINDOWS\System32\OpenSSH\;C:\MinGW\bin;C:\ProgramData\chocolatey\bin;C:\Users\hp\Desktop\code;C:\Users\hp\Downloads\Interception\Interception\command line installer;D:\Git\cmd;D:\Node\;C:\mongodb\bin;C:\Program Files\Microsoft\Web Platform Installer\;C:\Program Files (x86)\Microsoft ASP.NET\ASP.NET Web Pages\v1.0\;C:\Program Files\Java\jdk-17\bin;C:\Program Files\MySQL\MySQL Shell 8.0\bin\;C:\Users\hp\AppData\Local\Programs\Python\Python39\Scripts\;C:\Users\hp\AppData\Local\Programs\Python\Python39\;C:\Users\hp\AppData\Local\Microsoft\WindowsApps;C:\Users\hp\AppData\Local\Programs\Microsoft VS Code\bin;C:\Users\hp\AppData\Roaming\npm;C:\Windows\System32\cmd.exe;
USERNAME=hp
OS=Windows_NT
PROCESSOR_IDENTIFIER=Intel64 Family 6 Model 126 Stepping 5, GenuineIntel



---------------  S Y S T E M  ---------------

OS:
 Windows 11 , 64 bit Build 22621 (10.0.22621.3958)
OS uptime: 8 days 5:09 hours
Hyper-V role detected

CPU: total 8 (initial active 8) (4 cores per cpu, 2 threads per core) family 6 model 126 stepping 5 microcode 0xa0, cx8, cmov, fxsr, ht, mmx, 3dnowpref, sse, sse2, sse3, ssse3, sse4.1, sse4.2, popcnt, lzcnt, tsc, tscinvbit, avx, avx2, aes, erms, clmul, bmi1, bmi2, adx, avx512f, avx512dq, avx512cd, avx512bw, avx512vl, sha, fma, vzeroupper, avx512_vpopcntdq, avx512_vpclmulqdq, avx512_vaes, avx512_vnni, clflush, clflushopt, avx512_vbmi2, avx512_vbmi, hv

Memory: 4k page, system-wide physical 7877M (916M free)
TotalPageFile size 21609M (AvailPageFile size 55M)
current process WorkingSet (physical memory assigned to process): 123M, peak: 123M
current process commit charge ("private bytes"): 254M, peak: 254M

vm_info: Java HotSpot(TM) 64-Bit Server VM (17.0.12+8-LTS-286) for windows-amd64 JRE (17.0.12+8-LTS-286), built on Jun  5 2024 06:46:59 by "mach5one" with MS VC++ 17.6 (VS2022)

END.
